[2026-02-11 11:03:55.937] ============================================================
[2026-02-11 11:03:55.937] SESSION STARTED
[2026-02-11 11:03:55.937] ============================================================
[2026-02-11 11:03:59.977] INTRUSION - Frame 31: 1 person(s) inside ROI
[2026-02-11 11:03:59.977]   -> Person at foot-point (272, 150), confidence: 0.74
[2026-02-11 11:04:00.043] INTRUSION - Frame 32: 1 person(s) inside ROI
[2026-02-11 11:04:00.043]   -> Person at foot-point (278, 150), confidence: 0.83
[2026-02-11 11:04:00.111] INTRUSION - Frame 33: 1 person(s) inside ROI
[2026-02-11 11:04:00.111]   -> Person at foot-point (281, 150), confidence: 0.81
[2026-02-11 11:04:00.171] INTRUSION - Frame 34: 1 person(s) inside ROI
[2026-02-11 11:04:00.174]   -> Person at foot-point (285, 152), confidence: 0.80
[2026-02-11 11:04:00.226] INTRUSION - Frame 35: 1 person(s) inside ROI
[2026-02-11 11:04:00.227]   -> Person at foot-point (290, 157), confidence: 0.74
[2026-02-11 11:04:00.285] INTRUSION - Frame 36: 1 person(s) inside ROI
[2026-02-11 11:04:00.285]   -> Person at foot-point (302, 181), confidence: 0.69
[2026-02-11 11:04:00.354] INTRUSION - Frame 37: 1 person(s) inside ROI
[2026-02-11 11:04:00.354]   -> Person at foot-point (309, 180), confidence: 0.80
[2026-02-11 11:04:00.410] INTRUSION - Frame 38: 1 person(s) inside ROI
[2026-02-11 11:04:00.410]   -> Person at foot-point (311, 179), confidence: 0.75
[2026-02-11 11:04:00.474] INTRUSION - Frame 39: 1 person(s) inside ROI
[2026-02-11 11:04:00.474]   -> Person at foot-point (311, 179), confidence: 0.86
[2026-02-11 11:04:00.547] INTRUSION - Frame 40: 1 person(s) inside ROI
[2026-02-11 11:04:00.547]   -> Person at foot-point (312, 179), confidence: 0.83
[2026-02-11 11:04:00.615] INTRUSION - Frame 41: 1 person(s) inside ROI
[2026-02-11 11:04:00.615]   -> Person at foot-point (313, 176), confidence: 0.75
[2026-02-11 11:04:00.668] INTRUSION - Frame 42: 1 person(s) inside ROI
[2026-02-11 11:04:00.668]   -> Person at foot-point (314, 172), confidence: 0.72
[2026-02-11 11:04:00.724] INTRUSION - Frame 43: 1 person(s) inside ROI
[2026-02-11 11:04:00.725]   -> Person at foot-point (316, 176), confidence: 0.67
[2026-02-11 11:04:00.787] INTRUSION - Frame 44: 1 person(s) inside ROI
[2026-02-11 11:04:00.787]   -> Person at foot-point (321, 178), confidence: 0.79
[2026-02-11 11:04:00.844] INTRUSION - Frame 45: 1 person(s) inside ROI
[2026-02-11 11:04:00.844]   -> Person at foot-point (324, 179), confidence: 0.69
[2026-02-11 11:04:00.914] INTRUSION - Frame 46: 1 person(s) inside ROI
[2026-02-11 11:04:00.915]   -> Person at foot-point (326, 179), confidence: 0.81
[2026-02-11 11:04:00.977] INTRUSION - Frame 47: 1 person(s) inside ROI
[2026-02-11 11:04:00.977]   -> Person at foot-point (330, 179), confidence: 0.83
[2026-02-11 11:04:01.041] INTRUSION - Frame 48: 1 person(s) inside ROI
[2026-02-11 11:04:01.042]   -> Person at foot-point (334, 179), confidence: 0.86
[2026-02-11 11:04:01.097] INTRUSION - Frame 49: 1 person(s) inside ROI
[2026-02-11 11:04:01.098]   -> Person at foot-point (337, 179), confidence: 0.88
[2026-02-11 11:04:01.155] INTRUSION - Frame 50: 1 person(s) inside ROI
[2026-02-11 11:04:01.157]   -> Person at foot-point (339, 179), confidence: 0.87
[2026-02-11 11:04:01.207] INTRUSION - Frame 51: 1 person(s) inside ROI
[2026-02-11 11:04:01.208]   -> Person at foot-point (342, 178), confidence: 0.84
[2026-02-11 11:04:01.274] INTRUSION - Frame 52: 1 person(s) inside ROI
[2026-02-11 11:04:01.276]   -> Person at foot-point (345, 178), confidence: 0.84
[2026-02-11 11:04:01.345] INTRUSION - Frame 53: 1 person(s) inside ROI
[2026-02-11 11:04:01.345]   -> Person at foot-point (348, 178), confidence: 0.74
[2026-02-11 11:04:01.408] INTRUSION - Frame 54: 1 person(s) inside ROI
[2026-02-11 11:04:01.410]   -> Person at foot-point (360, 174), confidence: 0.60
[2026-02-11 11:04:01.464] INTRUSION - Frame 55: 1 person(s) inside ROI
[2026-02-11 11:04:01.464]   -> Person at foot-point (366, 175), confidence: 0.65
[2026-02-11 11:04:01.507] INTRUSION - Frame 56: 1 person(s) inside ROI
[2026-02-11 11:04:01.518]   -> Person at foot-point (369, 176), confidence: 0.74
[2026-02-11 11:04:01.568] INTRUSION - Frame 57: 1 person(s) inside ROI
[2026-02-11 11:04:01.568]   -> Person at foot-point (373, 175), confidence: 0.80
[2026-02-11 11:04:01.627] INTRUSION - Frame 58: 1 person(s) inside ROI
[2026-02-11 11:04:01.627]   -> Person at foot-point (375, 175), confidence: 0.83
[2026-02-11 11:04:01.692] INTRUSION - Frame 59: 1 person(s) inside ROI
[2026-02-11 11:04:01.695]   -> Person at foot-point (377, 175), confidence: 0.81
[2026-02-11 11:04:01.743] INTRUSION - Frame 60: 1 person(s) inside ROI
[2026-02-11 11:04:01.743]   -> Person at foot-point (380, 176), confidence: 0.75
[2026-02-11 11:04:01.809] INTRUSION - Frame 61: 1 person(s) inside ROI
[2026-02-11 11:04:01.809]   -> Person at foot-point (382, 176), confidence: 0.78
[2026-02-11 11:04:01.877] INTRUSION - Frame 62: 1 person(s) inside ROI
[2026-02-11 11:04:01.877]   -> Person at foot-point (381, 178), confidence: 0.81
[2026-02-11 11:04:01.936] INTRUSION - Frame 63: 1 person(s) inside ROI
[2026-02-11 11:04:01.936]   -> Person at foot-point (383, 176), confidence: 0.71
[2026-02-11 11:04:02.003] INTRUSION - Frame 64: 1 person(s) inside ROI
[2026-02-11 11:04:02.004]   -> Person at foot-point (386, 176), confidence: 0.62
[2026-02-11 11:04:02.067] INTRUSION - Frame 65: 1 person(s) inside ROI
[2026-02-11 11:04:02.067]   -> Person at foot-point (398, 172), confidence: 0.69
[2026-02-11 11:04:02.118] INTRUSION - Frame 66: 1 person(s) inside ROI
[2026-02-11 11:04:02.118]   -> Person at foot-point (399, 170), confidence: 0.67
[2026-02-11 11:04:02.197] INTRUSION - Frame 67: 1 person(s) inside ROI
[2026-02-11 11:04:02.199]   -> Person at foot-point (401, 182), confidence: 0.68
[2026-02-11 11:04:02.253] INTRUSION - Frame 68: 1 person(s) inside ROI
[2026-02-11 11:04:02.257]   -> Person at foot-point (400, 175), confidence: 0.82
[2026-02-11 11:04:02.308] INTRUSION - Frame 69: 1 person(s) inside ROI
[2026-02-11 11:04:02.308]   -> Person at foot-point (401, 175), confidence: 0.79
[2026-02-11 11:04:02.368] INTRUSION - Frame 70: 1 person(s) inside ROI
[2026-02-11 11:04:02.368]   -> Person at foot-point (406, 178), confidence: 0.66
[2026-02-11 11:04:17.335] ============================================================
[2026-02-11 11:04:17.335] SESSION ENDED
[2026-02-11 11:04:17.335] Total frames processed: 376
[2026-02-11 11:04:17.335] Total motion triggers: 61
[2026-02-11 11:04:17.335] Total YOLO inferences: 61
[2026-02-11 11:04:17.335] Total intrusion detections: 40
[2026-02-11 11:04:17.335] ============================================================
